0 info it worked if it ends with ok
1 verbose cli [ '/home/ubuntu/.nvm/versions/node/v4.6.1/bin/node',
1 verbose cli   '/home/ubuntu/.nvm/versions/node/v4.6.1/bin/npm',
1 verbose cli   'publish' ]
2 info using npm@2.15.9
3 info using node@v4.6.1
4 verbose publish [ '.' ]
5 silly cache add args [ '.', null ]
6 verbose cache add spec .
7 silly cache add parsed spec Result {
7 silly cache add   raw: '.',
7 silly cache add   scope: null,
7 silly cache add   name: null,
7 silly cache add   rawSpec: '.',
7 silly cache add   spec: '/home/ubuntu/workspace/crear-repositorio-en-github-alex-moi',
7 silly cache add   type: 'directory' }
8 verbose addLocalDirectory /home/ubuntu/.npm/gitbook-start-alex-moi-nitesh/1.2.47/package.tgz not in flight; packing
9 verbose correctMkdir /home/ubuntu/.npm correctMkdir not in flight; initializing
10 verbose tar pack [ '/home/ubuntu/.npm/gitbook-start-alex-moi-nitesh/1.2.47/package.tgz',
10 verbose tar pack   '/home/ubuntu/workspace/crear-repositorio-en-github-alex-moi' ]
11 verbose tarball /home/ubuntu/.npm/gitbook-start-alex-moi-nitesh/1.2.47/package.tgz
12 verbose folder /home/ubuntu/workspace/crear-repositorio-en-github-alex-moi
13 info prepublish gitbook-start-alex-moi-nitesh@1.2.47
14 verbose addLocalTarball adding from inside cache /home/ubuntu/.npm/gitbook-start-alex-moi-nitesh/1.2.47/package.tgz
15 verbose correctMkdir /home/ubuntu/.npm correctMkdir not in flight; initializing
16 silly cache afterAdd gitbook-start-alex-moi-nitesh@1.2.47
17 verbose afterAdd /home/ubuntu/.npm/gitbook-start-alex-moi-nitesh/1.2.47/package/package.json not in flight; writing
18 verbose correctMkdir /home/ubuntu/.npm correctMkdir not in flight; initializing
19 verbose afterAdd /home/ubuntu/.npm/gitbook-start-alex-moi-nitesh/1.2.47/package/package.json written
20 silly publish { name: 'gitbook-start-alex-moi-nitesh',
20 silly publish   version: '1.2.47',
20 silly publish   description: 'Module to build a book on GitBook',
20 silly publish   main: 'bin/gitbook-start-alex-moi-nitesh.js',
20 silly publish   scripts:
20 silly publish    { test: 'echo "Error: no test specified" && exit 1',
20 silly publish      start: 'node server.js' },
20 silly publish   repository:
20 silly publish    { type: 'git',
20 silly publish      url: 'git+https://github.com/ULL-ESIT-SYTW-1617/creacion-de-paquetes-y-modulos-en-nodejs-alex-moi.git',
20 silly publish      wiki: 'https://github.com/ULL-ESIT-SYTW-1617/creacion-de-paquetes-y-modulos-en-nodejs-alex-moi.wiki.git' },
20 silly publish   keywords: [ 'gitbook', 'npm package' ],
20 silly publish   author:
20 silly publish    { name: 'Moises Yanes Carballo',
20 silly publish      email: 'alu0100782851@ull.edu.es',
20 silly publish      url: 'http://alu0100782851.github.io/' },
20 silly publish   contributors:
20 silly publish    [ { name: 'Alexander Cole Mora',
20 silly publish        email: 'alu0100767421@ull.edu.es',
20 silly publish        url: 'http://alu0100767421.github.io/' },
20 silly publish      { name: 'Nitesh Gul Ramnani',
20 silly publish        email: 'alu0100814651@ull.edu.es',
20 silly publish        url: 'http://alu0100814651.github.io/blog/' } ],
20 silly publish   license: 'ISC',
20 silly publish   bugs: { url: 'https://github.com/ULL-ESIT-SYTW-1617/creacion-de-paquetes-y-modulos-en-nodejs-alex-moi/issues' },
20 silly publish   bin: { 'gitbook-start-alex-moi-nitesh': './bin/gitbook-start-alex-moi-nitesh.js' },
20 silly publish   homepage: 'https://github.com/ULL-ESIT-SYTW-1617/creacion-de-paquetes-y-modulos-en-nodejs-alex-moi#readme',
20 silly publish   dependencies:
20 silly publish    { child_process: '^1.0.2',
20 silly publish      ejs: '^2.5.2',
20 silly publish      express: '^4.14.0',
20 silly publish      'fs-extended': '^0.2.1',
20 silly publish      'gh-pages': '^0.11.0',
20 silly publish      'git-config': '0.0.7',
20 silly publish      'gitbook-cli': '^2.3.0',
20 silly publish      gulp: '^3.9.1',
20 silly publish      'gulp-git': '^1.12.0',
20 silly publish      'gulp-shell': '^0.5.2',
20 silly publish      minimist: '^1.2.0',
20 silly publish      path: '^0.12.7',
20 silly publish      prompt: '^1.0.0',
20 silly publish      'simple-git': '^1.51.0',
20 silly publish      'ssh-exec': '^2.0.0' },
20 silly publish   readme: '# Sistemas y Tecnologías Web. Crear repositorio en github\n\n## Introducción\n\nEl objetivo de esta práctica es extender el package NodeJS publicado en npm en una práctica anterior con una nueva funcionalidad que permita que los usuarios con conocimientos de NodeJS puedan extender la conducta del ejecutable para que este cree un repositorio en **GitHub**.\n\nPara ello, el plugin utilizado se puede encontrar en [gitbook-start-github-alex-moi](https://www.npmjs.com/package/gitbook-start-github-alex-moi).\n\n##Instalación\n\n```shell\nnpm install -g gitbook-start-alex-moi-nitesh\n```\n\n##Tutorial para su ejecución\n\nPara ejecutar, ponemos el siguiente comando:\n\n`gitbook-start-alex-moi-nitesh [opciones]`\n\n[opciones] serían:\n*    -a: Especificar el autor del gitbook\n*    -n: Especificar el nombre del gitbook\n*    -c: Especificar el nombre del directorio donde crear el gitbook\n*    -u: Especificar la url del repositorio git\n*    -h: Help (ayuda)\n*    -d: Realizar un deploy a (IaaS, Heroku o Github)\n\n**Nota:** Primero debe crearse la estructura de directorios del gitbook con el argumento \'-c\' y luego, situado dentro del gitbook, realizar un deploy con el argumento \'-d\'. Ambos argumentos **NO** pueden ser ejecutados conjuntamente.\n\nPara crear la estructura de directorios del Gitbook ejecutamos:\n```shell\ngitbook-start-alex-moi-nitesh -c Book\n```\n\nUna vez instalado y ejecutado, hacemos:\n\n```shell\nnpm install\ngitbook install\n```\n\nUna vez completado los "ficheros.md" de nuestro GitBook, para construirlo y publicarlo en github (gh-pages) hacemos:\n\n```shell\ngulp build\ngulp deploy\n```\n\nUn ejemplo de la versión final del gitbook sería: [Ejemplo](https://alu0100782851.github.io/prueba/)\n\n##Funcionamiento del argumento "-d"\n\nEste argumento se corresponde con la opción del deploy en el iaas, heroku o github y **sólo** puede ejecutarse para cada caso como se especifica a continuación.\n\n\n**IaaS**\n : Para hacer el despliegue en el IaaS es necesario proporcionar dos argumentos mas que deben ser especificados obligatoriamente, ademas de los restantes de los que dispone el paquete.\n\n Por tanto, se ejecutaría el siguiente comando desde el directorio que contiene nuestro gitbook:\n`gitbook-start-alex-moi-nitesh -d iaas-ull-es [Obligatorias]`\n\n [Obligatorias] serían:\n ```\n--iaas_ip: Especificar la IP del IaaS\n\t\t\tEjemplo: 10.2.1.128\n--iaas_path: Especificar la PATH de IaaS(sin \'/\' al final de la ruta)\n\t\t\tEjemplo: /home/nombre_usuario/ruta\n ```\n\n**Heroku**\n : Para hacer el despliegue en heroku bastará con especificar la opcion -d seguido de \'heroku\'.\n\n Por tanto, se ejecutaría el siguiente comando desde el directorio que contiene nuestro gitbook:\n`gitbook-start-alex-moi-nitesh -d heroku`\n \n\n**Github**\n : Para hacer el despliegue en Github bastará con especificar la opción -d seguido de \'github\'.\n\n Por tanto, se ejecutaría el siguiente comando desde el directorio que contiene nuestro gitbook:\n`gitbook-start-alex-moi-nitesh -d github`\n\n\n## Versiones de paquetes a descargar para esta practica\n* Paquete principal: **v1.2.47**\n* Paquete IAAS: **v1.2.12**\n* Paquete Heroku-token: **v0.1.26**\n\n## Enlaces importantes\n*  [Página en NPM gitbook-start-alex-moi-nitesh](https://www.npmjs.com/package/gitbook-start-alex-moi-nitesh)\n*  [Página en NPM gitbook-start-iaas-ull-es-alex-moi Plugin](https://www.npmjs.com/package/gitbook-start-iaas-ull-es-alex-moi)\n* [Página en NPM gitbook-start-heroku-alex-moi Plugin](https://www.npmjs.com/package/gitbook-start-heroku-alex-moi)\n* [Página en NPM gitbook-start-github-alex-moi Plugin](https://www.npmjs.com/package/gitbook-start-github-alex-moi)\n*  [Repositorio GitHub](https://github.com/ULL-ESIT-SYTW-1617/crear-repositorio-en-github-alex-moi)\n*  [Descripción de la práctica](https://casianorodriguezleon.gitbooks.io/ull-esit-1617/content/practicas/practicagithubapi.html)\n*  [Campus Virtual](https://campusvirtual.ull.es/1617/course/view.php?id=1175)\n\n## Autores\n\n* Alexander Cole Mora | [Página Personal](http://alu0100767421.github.io/)\n* Moisés Yanes Carballo | [Página Personal](http://alu0100782851.github.io/)',
20 silly publish   readmeFilename: 'README.md',
20 silly publish   gitHead: 'eac8808cfd3879e1a29cdac2fc767bcd0c685a59',
20 silly publish   _id: 'gitbook-start-alex-moi-nitesh@1.2.47',
20 silly publish   _shasum: '4a8e5b5bcbbdea6b4fc0e2fcecb11e361aebac43',
20 silly publish   _from: '.' }
21 verbose getPublishConfig undefined
22 silly mapToRegistry name gitbook-start-alex-moi-nitesh
23 silly mapToRegistry using default registry
24 silly mapToRegistry registry https://registry.npmjs.org/
25 silly mapToRegistry data Result {
25 silly mapToRegistry   raw: 'gitbook-start-alex-moi-nitesh',
25 silly mapToRegistry   scope: null,
25 silly mapToRegistry   name: 'gitbook-start-alex-moi-nitesh',
25 silly mapToRegistry   rawSpec: '',
25 silly mapToRegistry   spec: 'latest',
25 silly mapToRegistry   type: 'tag' }
26 silly mapToRegistry uri https://registry.npmjs.org/gitbook-start-alex-moi-nitesh
27 verbose publish registryBase https://registry.npmjs.org/
28 silly publish uploading /home/ubuntu/.npm/gitbook-start-alex-moi-nitesh/1.2.47/package.tgz
29 verbose request uri https://registry.npmjs.org/gitbook-start-alex-moi-nitesh
30 verbose request sending authorization for write operation
31 info attempt registry request try #1 at 9:43:10 AM
32 verbose request using bearer token for auth
33 verbose request id 8d109021f3ae37c9
34 http request PUT https://registry.npmjs.org/gitbook-start-alex-moi-nitesh
35 http 403 https://registry.npmjs.org/gitbook-start-alex-moi-nitesh
36 verbose headers { 'content-type': 'application/json',
36 verbose headers   'cache-control': 'max-age=300',
36 verbose headers   'content-length': '96',
36 verbose headers   'accept-ranges': 'bytes',
36 verbose headers   date: 'Fri, 11 Nov 2016 09:43:11 GMT',
36 verbose headers   via: '1.1 varnish',
36 verbose headers   connection: 'keep-alive',
36 verbose headers   'x-served-by': 'cache-lhr6350-LHR',
36 verbose headers   'x-cache': 'MISS',
36 verbose headers   'x-cache-hits': '0',
36 verbose headers   'x-timer': 'S1478857390.713590,VS0,VE1248',
36 verbose headers   vary: 'Accept-Encoding' }
37 verbose request invalidating /home/ubuntu/.npm/registry.npmjs.org/gitbook-start-alex-moi-nitesh on PUT
38 error publish Failed PUT 403
39 verbose stack Error: "You cannot publish over the previously published version 1.2.47." : gitbook-start-alex-moi-nitesh
39 verbose stack     at makeError (/home/ubuntu/.nvm/versions/node/v4.6.1/lib/node_modules/npm/node_modules/npm-registry-client/lib/request.js:264:12)
39 verbose stack     at CachingRegistryClient.<anonymous> (/home/ubuntu/.nvm/versions/node/v4.6.1/lib/node_modules/npm/node_modules/npm-registry-client/lib/request.js:252:14)
39 verbose stack     at Request._callback (/home/ubuntu/.nvm/versions/node/v4.6.1/lib/node_modules/npm/node_modules/npm-registry-client/lib/request.js:172:14)
39 verbose stack     at Request.self.callback (/home/ubuntu/.nvm/versions/node/v4.6.1/lib/node_modules/npm/node_modules/request/request.js:200:22)
39 verbose stack     at emitTwo (events.js:87:13)
39 verbose stack     at Request.emit (events.js:172:7)
39 verbose stack     at Request.<anonymous> (/home/ubuntu/.nvm/versions/node/v4.6.1/lib/node_modules/npm/node_modules/request/request.js:1067:10)
39 verbose stack     at emitOne (events.js:82:20)
39 verbose stack     at Request.emit (events.js:169:7)
39 verbose stack     at IncomingMessage.<anonymous> (/home/ubuntu/.nvm/versions/node/v4.6.1/lib/node_modules/npm/node_modules/request/request.js:988:12)
40 verbose statusCode 403
41 verbose pkgid gitbook-start-alex-moi-nitesh
42 verbose cwd /home/ubuntu/workspace/crear-repositorio-en-github-alex-moi
43 error Linux 4.2.0-c9
44 error argv "/home/ubuntu/.nvm/versions/node/v4.6.1/bin/node" "/home/ubuntu/.nvm/versions/node/v4.6.1/bin/npm" "publish"
45 error node v4.6.1
46 error npm  v2.15.9
47 error code E403
48 error "You cannot publish over the previously published version 1.2.47." : gitbook-start-alex-moi-nitesh
49 error If you need help, you may report this error at:
49 error     <https://github.com/npm/npm/issues>
50 verbose exit [ 1, true ]
